INFO	2021-07-30 13:41:59,924	0	MainApp	[main]	Welcome dfvd you logged in at Fri Jul 30 13:41:59 IST 2021
INFO	2021-07-30 13:41:59,925	1	MainApp	[main]	 app started running 
INFO	2021-07-30 14:03:56,568	0	BankApp	[main]	Welcome sf you logged in at Fri Jul 30 14:03:56 IST 2021
INFO	2021-07-30 14:03:56,568	0	BankApp	[main]	 app started running 
INFO	2021-07-30 14:03:59,669	3101	BankApp	[main]	Main App Closed
INFO	2021-07-30 14:56:49,952	0	BankApp	[main]	Welcome dsgb you logged in at Fri Jul 30 14:56:49 IST 2021
INFO	2021-07-30 14:56:49,952	0	BankApp	[main]	 app started running 
INFO	2021-07-30 14:56:52,301	2349	BankApp	[main]	 Employee App started running 
INFO	2021-07-30 15:30:42,564	0	BankApp	[main]	Welcome pra you logged in at Fri Jul 30 15:30:42 IST 2021
INFO	2021-07-30 15:30:42,566	2	BankApp	[main]	 app started running 
INFO	2021-07-30 15:30:45,743	3179	BankApp	[main]	User Ap Started 
INFO	2021-07-30 15:57:35,508	0	BankApp	[main]	Welcome aki you logged in at Fri Jul 30 15:57:35 IST 2021
INFO	2021-07-30 15:57:35,509	1	BankApp	[main]	 app started running 
INFO	2021-07-30 15:57:38,662	3154	BankApp	[main]	User Ap Started 
INFO	2021-07-30 16:24:44,318	0	BankApp	[main]	Welcome titli you logged in at Fri Jul 30 16:24:44 IST 2021
INFO	2021-07-30 16:24:44,319	1	BankApp	[main]	 app started running 
INFO	2021-07-30 16:24:46,764	2446	BankApp	[main]	User Ap Started 
INFO	2021-07-30 16:25:21,029	1	BankApp	[main]	Welcome ria you logged in at Fri Jul 30 16:25:21 IST 2021
INFO	2021-07-30 16:25:21,030	2	BankApp	[main]	 app started running 
INFO	2021-07-30 16:25:23,346	2318	BankApp	[main]	User Ap Started 
INFO	2021-07-30 16:31:48,507	0	BankApp	[main]	Welcome prana you logged in at Fri Jul 30 16:31:48 IST 2021
INFO	2021-07-30 16:31:48,508	1	BankApp	[main]	 app started running 
INFO	2021-07-30 16:31:53,877	5370	BankApp	[main]	User Ap Started 
INFO	2021-07-30 16:41:50,317	0	BankApp	[main]	Welcome ere you logged in at Fri Jul 30 16:41:50 IST 2021
INFO	2021-07-30 16:41:50,318	1	BankApp	[main]	 app started running 
INFO	2021-07-30 16:41:52,459	2142	BankApp	[main]	User Ap Started 
INFO	2021-07-30 19:11:47,838	0	BankApp	[main]	Welcome fer you logged in at Fri Jul 30 19:11:47 IST 2021
INFO	2021-07-30 19:11:47,839	1	BankApp	[main]	 app started running 
INFO	2021-07-30 19:11:50,207	2369	BankApp	[main]	User Ap Started 
INFO	2021-07-30 19:17:09,156	0	BankApp	[main]	Welcome prana you logged in at Fri Jul 30 19:17:09 IST 2021
INFO	2021-07-30 19:17:09,157	1	BankApp	[main]	 app started running 
INFO	2021-07-30 19:17:11,847	2691	BankApp	[main]	User Ap Started 
INFO	2021-07-30 19:18:33,757	0	BankApp	[main]	Welcome fh you logged in at Fri Jul 30 19:18:33 IST 2021
INFO	2021-07-30 19:18:33,758	1	BankApp	[main]	 app started running 
INFO	2021-07-30 19:18:35,942	2185	BankApp	[main]	User Ap Started 
INFO	2021-07-30 19:24:07,302	0	BankApp	[main]	Welcome dfvs you logged in at Fri Jul 30 19:24:07 IST 2021
INFO	2021-07-30 19:24:07,303	1	BankApp	[main]	 app started running 
INFO	2021-07-30 19:24:09,300	1998	BankApp	[main]	User Ap Started 
INFO	2021-07-30 19:24:42,574	0	BankApp	[main]	Welcome dsbh you logged in at Fri Jul 30 19:24:42 IST 2021
INFO	2021-07-30 19:24:42,575	1	BankApp	[main]	 app started running 
INFO	2021-07-30 19:24:45,264	2690	BankApp	[main]	User Ap Started 
INFO	2021-07-30 19:27:17,086	0	BankApp	[main]	Welcome dvg you logged in at Fri Jul 30 19:27:17 IST 2021
INFO	2021-07-30 19:27:17,087	1	BankApp	[main]	 app started running 
INFO	2021-07-30 19:27:19,324	2238	BankApp	[main]	User Ap Started 
INFO	2021-07-30 19:34:00,386	0	BankApp	[main]	Welcome prana you logged in at Fri Jul 30 19:34:00 IST 2021
INFO	2021-07-30 19:34:00,389	3	BankApp	[main]	 app started running 
INFO	2021-07-30 19:34:03,842	3456	BankApp	[main]	User Ap Started 
INFO	2021-07-30 19:35:17,456	0	BankApp	[main]	Welcome dg you logged in at Fri Jul 30 19:35:17 IST 2021
INFO	2021-07-30 19:35:17,457	1	BankApp	[main]	 app started running 
INFO	2021-07-30 19:35:20,007	2551	BankApp	[main]	User Ap Started 
INFO	2021-08-01 22:42:45,571	0	BankApp	[main]	Welcome fhb you logged in at Sun Aug 01 22:42:45 IST 2021
INFO	2021-08-01 22:42:45,572	1	BankApp	[main]	 app started running 
